<?xml version="1.0" encoding="UTF-8"?>
<!-- Generated by org.testng.reporters.JUnitReportReporter -->
<testsuite skipped="5" hostname="L33986WUS" name="com.webdriver.datadriven.DataDrivenRunner" tests="5" failures="0" timestamp="05 Oct 2019 20:11:09 GMT" time="0.260" errors="0">
  <testcase name="runScenario" time="0.002" classname="com.webdriver.datadriven.DataDrivenRunner">
    <skipped/>
  </testcase> <!-- runScenario -->
  <testcase name="runScenario" time="0.002" classname="com.webdriver.datadriven.DataDrivenRunner">
    <skipped/>
  </testcase> <!-- runScenario -->
  <testcase name="runScenario" time="0.002" classname="com.webdriver.datadriven.DataDrivenRunner">
    <skipped/>
  </testcase> <!-- runScenario -->
  <testcase name="runScenario" time="0.002" classname="com.webdriver.datadriven.DataDrivenRunner">
    <skipped/>
  </testcase> <!-- runScenario -->
  <testcase name="runScenario" time="0.252" classname="com.webdriver.datadriven.DataDrivenRunner">
    <skipped/>
  </testcase> <!-- runScenario -->
</testsuite> <!-- com.webdriver.datadriven.DataDrivenRunner -->
