<?xml version="1.0" encoding="UTF-8"?>
<!-- Generated by org.testng.reporters.JUnitReportReporter -->
<testsuite skipped="0" hostname="L33986WUS" name="com.webdriver.browserfunction.BrowserFunctionRunner" tests="4" failures="0" timestamp="05 Oct 2019 20:22:29 GMT" time="16.706" errors="0">
  <testcase name="runScenario" time="4.028" classname="com.webdriver.browserfunction.BrowserFunctionRunner"/>
  <testcase name="runScenario" time="5.364" classname="com.webdriver.browserfunction.BrowserFunctionRunner"/>
  <testcase name="runScenario" time="3.964" classname="com.webdriver.browserfunction.BrowserFunctionRunner"/>
  <testcase name="runScenario" time="3.350" classname="com.webdriver.browserfunction.BrowserFunctionRunner"/>
</testsuite> <!-- com.webdriver.browserfunction.BrowserFunctionRunner -->
