<?xml version="1.0" encoding="UTF-8"?>
<!-- Generated by org.testng.reporters.JUnitReportReporter -->
<testsuite skipped="0" hostname="L33986WUS" name="com.webdriver.runner.CustomGenericRunner" tests="30" failures="1" timestamp="11 Oct 2019 00:49:26 GMT" time="412.531" errors="7">
  <testcase name="runScenario" time="9.960" classname="com.webdriver.runner.CustomGenericRunner"/>
  <testcase name="runScenario" time="13.131" classname="com.webdriver.runner.CustomGenericRunner">
    <error type="org.openqa.selenium.NoSuchElementException" message="Cannot locate option with value: Groups of groups
For documentation on this error, please visit: http://seleniumhq.org/exceptions/no_such_element.html
Build info: version: &#039;3.8.1&#039;, revision: &#039;6e95a6684b&#039;, time: &#039;2017-12-01T18:33:54.468Z&#039;
System info: host: &#039;L33986WUS&#039;, ip: &#039;55.55.55.1&#039;, os.name: &#039;Windows 10&#039;, os.arch: &#039;amd64&#039;, os.version: &#039;10.0&#039;, java.version: &#039;1.8.0_202&#039;
Driver info: driver.version: unknown">
      <![CDATA[org.openqa.selenium.NoSuchElementException: Cannot locate option with value: Groups of groupsFor documentation on this error, please visit: http://seleniumhq.org/exceptions/no_such_element.htmlBuild info: version: '3.8.1', revision: '6e95a6684b', time: '2017-12-01T18:33:54.468Z'System info: host: 'L33986WUS', ip: '55.55.55.1', os.name: 'Windows 10', os.arch: 'amd64', os.version: '10.0', java.version: '1.8.0_202'Driver info: driver.version: unknownat org.openqa.selenium.support.ui.Select.selectByValue(Select.java:209)at com.webdriver.helper.DropdownHelper.selectByValue(DropdownHelper.java:55)at com.webdriver.page.DetailPageClass.provideDetails(DetailPageClass.java:62)at com.webdriver.datadriven.DataDrivenStepDfn.datadriven_i_provide_the_details_as_component_as_version_as_severity_as_hardware_as(DataDrivenStepDfn.java:98)at ✽.DataDriven_I provide the details as component as "Groups of groups" version as "6.9.13.6" severity as "critical" hardware as "Macintosh"(file:src/main/java/com/webdriver/datadriven/DataDriven.feature:36)]]>
    </error>
  </testcase> <!-- runScenario -->
  <testcase name="runScenario" time="11.755" classname="com.webdriver.runner.CustomGenericRunner"/>
  <testcase name="runScenario" time="9.576" classname="com.webdriver.runner.CustomGenericRunner"/>
  <testcase name="runScenario" time="13.363" classname="com.webdriver.runner.CustomGenericRunner">
    <error type="org.openqa.selenium.NoSuchElementException" message="Cannot locate option with value: Method Interceptors
For documentation on this error, please visit: http://seleniumhq.org/exceptions/no_such_element.html
Build info: version: &#039;3.8.1&#039;, revision: &#039;6e95a6684b&#039;, time: &#039;2017-12-01T18:33:54.468Z&#039;
System info: host: &#039;L33986WUS&#039;, ip: &#039;55.55.55.1&#039;, os.name: &#039;Windows 10&#039;, os.arch: &#039;amd64&#039;, os.version: &#039;10.0&#039;, java.version: &#039;1.8.0_202&#039;
Driver info: driver.version: unknown">
      <![CDATA[org.openqa.selenium.NoSuchElementException: Cannot locate option with value: Method InterceptorsFor documentation on this error, please visit: http://seleniumhq.org/exceptions/no_such_element.htmlBuild info: version: '3.8.1', revision: '6e95a6684b', time: '2017-12-01T18:33:54.468Z'System info: host: 'L33986WUS', ip: '55.55.55.1', os.name: 'Windows 10', os.arch: 'amd64', os.version: '10.0', java.version: '1.8.0_202'Driver info: driver.version: unknownat org.openqa.selenium.support.ui.Select.selectByValue(Select.java:209)at com.webdriver.helper.DropdownHelper.selectByValue(DropdownHelper.java:55)at com.webdriver.page.DetailPageClass.provideDetails(DetailPageClass.java:62)at com.webdriver.datadriven.DataDrivenStepDfn.datadriven_i_provide_the_details_as_component_as_version_as_severity_as_hardware_as(DataDrivenStepDfn.java:98)at ✽.DataDriven_I provide the details as component as "Method Interceptors" version as "6.9.13.4" severity as "normal" hardware as "Other"(file:src/main/java/com/webdriver/datadriven/DataDriven.feature:36)]]>
    </error>
  </testcase> <!-- runScenario -->
  <testcase name="runScenario" time="9.411" classname="com.webdriver.runner.CustomGenericRunner"/>
  <testcase name="runScenario" time="13.893" classname="com.webdriver.runner.CustomGenericRunner">
    <error type="org.openqa.selenium.NoSuchElementException" message="Cannot locate option with value: Component 1          
For documentation on this error, please visit: http://seleniumhq.org/exceptions/no_such_element.html
Build info: version: &#039;3.8.1&#039;, revision: &#039;6e95a6684b&#039;, time: &#039;2017-12-01T18:33:54.468Z&#039;
System info: host: &#039;L33986WUS&#039;, ip: &#039;55.55.55.1&#039;, os.name: &#039;Windows 10&#039;, os.arch: &#039;amd64&#039;, os.version: &#039;10.0&#039;, java.version: &#039;1.8.0_202&#039;
Driver info: driver.version: unknown">
      <![CDATA[org.openqa.selenium.NoSuchElementException: Cannot locate option with value: Component 1          For documentation on this error, please visit: http://seleniumhq.org/exceptions/no_such_element.htmlBuild info: version: '3.8.1', revision: '6e95a6684b', time: '2017-12-01T18:33:54.468Z'System info: host: 'L33986WUS', ip: '55.55.55.1', os.name: 'Windows 10', os.arch: 'amd64', os.version: '10.0', java.version: '1.8.0_202'Driver info: driver.version: unknownat org.openqa.selenium.support.ui.Select.selectByValue(Select.java:209)at com.webdriver.helper.DropdownHelper.selectByValue(DropdownHelper.java:55)at com.webdriver.page.DetailPageClass.provideDetails(DetailPageClass.java:62)at com.webdriver.datadriven.DataDrivenStepDfn.datadriven_i_provide_the_following_information_in_the_detail_page_from_excel_file(DataDrivenStepDfn.java:92)at ✽.DataDriven_I provide the following information in the detail page from excel file(file:src/main/java/com/webdriver/datadriven/DataDriven.feature:22)]]>
    </error>
  </testcase> <!-- runScenario -->
  <testcase name="runScenario" time="8.975" classname="com.webdriver.runner.CustomGenericRunner"/>
  <testcase name="runScenario" time="7.494" classname="com.webdriver.runner.CustomGenericRunner"/>
  <testcase name="runScenario" time="6.736" classname="com.webdriver.runner.CustomGenericRunner"/>
  <testcase name="runScenario" time="21.218" classname="com.webdriver.runner.CustomGenericRunner"/>
  <testcase name="runScenario" time="7.946" classname="com.webdriver.runner.CustomGenericRunner"/>
  <testcase name="runScenario" time="8.882" classname="com.webdriver.runner.CustomGenericRunner">
    <failure type="java.lang.AssertionError" message="To Take the Screen Shot">
      <![CDATA[java.lang.AssertionError: To Take the Screen Shotat org.testng.Assert.fail(Assert.java:96)at com.webdriver.page.BugCreationStepDfn.bugzilla_the_title_of_login_page_should_be(BugCreationStepDfn.java:58)at ✽.Bugzilla_The title of login page should be "Log in to Bugzilla"(file:src/main/java/com/webdriver/page/BugCreation.feature:6)]]>
    </failure>
  </testcase> <!-- runScenario -->
  <testcase name="runScenario" time="7.608" classname="com.webdriver.runner.CustomGenericRunner"/>
  <testcase name="runScenario" time="17.911" classname="com.webdriver.runner.CustomGenericRunner"/>
  <testcase name="runScenario" time="14.306" classname="com.webdriver.runner.CustomGenericRunner"/>
  <testcase name="runScenario" time="13.406" classname="com.webdriver.runner.CustomGenericRunner">
    <error type="org.openqa.selenium.NoSuchElementException" message="Cannot locate option with value: Logging and results
For documentation on this error, please visit: http://seleniumhq.org/exceptions/no_such_element.html
Build info: version: &#039;3.8.1&#039;, revision: &#039;6e95a6684b&#039;, time: &#039;2017-12-01T18:33:54.468Z&#039;
System info: host: &#039;L33986WUS&#039;, ip: &#039;55.55.55.1&#039;, os.name: &#039;Windows 10&#039;, os.arch: &#039;amd64&#039;, os.version: &#039;10.0&#039;, java.version: &#039;1.8.0_202&#039;
Driver info: driver.version: unknown">
      <![CDATA[org.openqa.selenium.NoSuchElementException: Cannot locate option with value: Logging and resultsFor documentation on this error, please visit: http://seleniumhq.org/exceptions/no_such_element.htmlBuild info: version: '3.8.1', revision: '6e95a6684b', time: '2017-12-01T18:33:54.468Z'System info: host: 'L33986WUS', ip: '55.55.55.1', os.name: 'Windows 10', os.arch: 'amd64', os.version: '10.0', java.version: '1.8.0_202'Driver info: driver.version: unknownat org.openqa.selenium.support.ui.Select.selectByValue(Select.java:209)at com.webdriver.helper.DropdownHelper.selectByValue(DropdownHelper.java:55)at com.webdriver.page.DetailPageClass.provideDetails(DetailPageClass.java:62)at com.webdriver.datadriven.DataDrivenStepDfn.datadriven_i_provide_the_following_information_in_the_detail_page(DataDrivenStepDfn.java:68)at ✽.DataDriven_I provide the following information in the detail page(file:src/main/java/com/webdriver/datadriven/DataDriven.feature:9)]]>
    </error>
  </testcase> <!-- runScenario -->
  <testcase name="runScenario" time="16.487" classname="com.webdriver.runner.CustomGenericRunner"/>
  <testcase name="runScenario" time="36.701" classname="com.webdriver.runner.CustomGenericRunner"/>
  <testcase name="runScenario" time="17.722" classname="com.webdriver.runner.CustomGenericRunner">
    <error type="org.openqa.selenium.NoSuchElementException" message="Cannot locate option with value: Logging and results
For documentation on this error, please visit: http://seleniumhq.org/exceptions/no_such_element.html
Build info: version: &#039;3.8.1&#039;, revision: &#039;6e95a6684b&#039;, time: &#039;2017-12-01T18:33:54.468Z&#039;
System info: host: &#039;L33986WUS&#039;, ip: &#039;55.55.55.1&#039;, os.name: &#039;Windows 10&#039;, os.arch: &#039;amd64&#039;, os.version: &#039;10.0&#039;, java.version: &#039;1.8.0_202&#039;
Driver info: driver.version: unknown">
      <![CDATA[org.openqa.selenium.NoSuchElementException: Cannot locate option with value: Logging and resultsFor documentation on this error, please visit: http://seleniumhq.org/exceptions/no_such_element.htmlBuild info: version: '3.8.1', revision: '6e95a6684b', time: '2017-12-01T18:33:54.468Z'System info: host: 'L33986WUS', ip: '55.55.55.1', os.name: 'Windows 10', os.arch: 'amd64', os.version: '10.0', java.version: '1.8.0_202'Driver info: driver.version: unknownat org.openqa.selenium.support.ui.Select.selectByValue(Select.java:209)at com.webdriver.helper.DropdownHelper.selectByValue(DropdownHelper.java:55)at com.webdriver.page.DetailPageClass.provideDetails(DetailPageClass.java:62)at com.webdriver.page.BugCreationTestProductStepDfnTwo.testproduct_i_provide_the_details_as_component_as_version_as_severity_as_hardware_as(BugCreationTestProductStepDfnTwo.java:31)at ✽.Testproduct_I provide the details as component as "Logging and results" version as "6.9.13.3" severity as "trivial" hardware as "All"(file:src/main/java/com/webdriver/page/BugCreation.feature:31)]]>
    </error>
  </testcase> <!-- runScenario -->
  <testcase name="runScenario" time="19.167" classname="com.webdriver.runner.CustomGenericRunner"/>
  <testcase name="runScenario" time="13.589" classname="com.webdriver.runner.CustomGenericRunner">
    <error type="org.openqa.selenium.NoSuchElementException" message="Cannot locate option with value: Logging and results
For documentation on this error, please visit: http://seleniumhq.org/exceptions/no_such_element.html
Build info: version: &#039;3.8.1&#039;, revision: &#039;6e95a6684b&#039;, time: &#039;2017-12-01T18:33:54.468Z&#039;
System info: host: &#039;L33986WUS&#039;, ip: &#039;55.55.55.1&#039;, os.name: &#039;Windows 10&#039;, os.arch: &#039;amd64&#039;, os.version: &#039;10.0&#039;, java.version: &#039;1.8.0_202&#039;
Driver info: driver.version: unknown">
      <![CDATA[org.openqa.selenium.NoSuchElementException: Cannot locate option with value: Logging and resultsFor documentation on this error, please visit: http://seleniumhq.org/exceptions/no_such_element.htmlBuild info: version: '3.8.1', revision: '6e95a6684b', time: '2017-12-01T18:33:54.468Z'System info: host: 'L33986WUS', ip: '55.55.55.1', os.name: 'Windows 10', os.arch: 'amd64', os.version: '10.0', java.version: '1.8.0_202'Driver info: driver.version: unknownat org.openqa.selenium.support.ui.Select.selectByValue(Select.java:209)at com.webdriver.helper.DropdownHelper.selectByValue(DropdownHelper.java:55)at com.webdriver.page.DetailPageClass.provideDetails(DetailPageClass.java:62)at com.webdriver.datadriven.DataDrivenStepDfn.datadriven_i_provide_the_details_as_component_as_version_as_severity_as_hardware_as(DataDrivenStepDfn.java:98)at ✽.DataDriven_I provide the details as component as "Logging and results" version as "6.9.13.3" severity as "trivial" hardware as "All"(file:src/main/java/com/webdriver/datadriven/DataDriven.feature:36)]]>
    </error>
  </testcase> <!-- runScenario -->
  <testcase name="runScenario" time="6.982" classname="com.webdriver.runner.CustomGenericRunner"/>
  <testcase name="runScenario" time="21.432" classname="com.webdriver.runner.CustomGenericRunner"/>
  <testcase name="runScenario" time="6.646" classname="com.webdriver.runner.CustomGenericRunner"/>
  <testcase name="runScenario" time="23.190" classname="com.webdriver.runner.CustomGenericRunner"/>
  <testcase name="runScenario" time="13.124" classname="com.webdriver.runner.CustomGenericRunner">
    <error type="org.openqa.selenium.NoSuchElementException" message="Cannot locate option with value: Logging and results
For documentation on this error, please visit: http://seleniumhq.org/exceptions/no_such_element.html
Build info: version: &#039;3.8.1&#039;, revision: &#039;6e95a6684b&#039;, time: &#039;2017-12-01T18:33:54.468Z&#039;
System info: host: &#039;L33986WUS&#039;, ip: &#039;55.55.55.1&#039;, os.name: &#039;Windows 10&#039;, os.arch: &#039;amd64&#039;, os.version: &#039;10.0&#039;, java.version: &#039;1.8.0_202&#039;
Driver info: driver.version: unknown">
      <![CDATA[org.openqa.selenium.NoSuchElementException: Cannot locate option with value: Logging and resultsFor documentation on this error, please visit: http://seleniumhq.org/exceptions/no_such_element.htmlBuild info: version: '3.8.1', revision: '6e95a6684b', time: '2017-12-01T18:33:54.468Z'System info: host: 'L33986WUS', ip: '55.55.55.1', os.name: 'Windows 10', os.arch: 'amd64', os.version: '10.0', java.version: '1.8.0_202'Driver info: driver.version: unknownat org.openqa.selenium.support.ui.Select.selectByValue(Select.java:209)at com.webdriver.helper.DropdownHelper.selectByValue(DropdownHelper.java:55)at com.webdriver.page.DetailPageClass.provideDetails(DetailPageClass.java:62)at com.webdriver.page.BugCreationTestProductStepDfnTwo.testproduct_i_provide_the_details_as_component_as_version_as_severity_as_hardware_as(BugCreationTestProductStepDfnTwo.java:31)at ✽.Testproduct_I provide the details as component as "Logging and results" version as "6.9.13.3" severity as "trivial" hardware as "All"(file:src/main/java/com/webdriver/page/BugCreation.feature:19)]]>
    </error>
  </testcase> <!-- runScenario -->
  <testcase name="runScenario" time="20.465" classname="com.webdriver.runner.CustomGenericRunner"/>
  <testcase name="runScenario" time="14.772" classname="com.webdriver.runner.CustomGenericRunner"/>
  <testcase name="runScenario" time="6.683" classname="com.webdriver.runner.CustomGenericRunner"/>
</testsuite> <!-- com.webdriver.runner.CustomGenericRunner -->
